[2019-11-12 13:37:50,398: WARNING/ForkPoolWorker-2] Request: <Context: {'lang': 'py', 'task': 'scheduler.celery.debug_task', 'id': '4bdb7f70-bb27-4003-b964-8479a3e19353', 'shadow': None, 'eta': None, 'expires': None, 'group': None, 'retries': 0, 'timelimit': [None, None], 'root_id': '4bdb7f70-bb27-4003-b964-8479a3e19353', 'parent_id': None, 'argsrepr': '()', 'kwargsrepr': '{}', 'origin': 'gen13279@prometheus', 'reply_to': 'c87a092e-c9da-3c66-97e9-af6adca4cf2c', 'correlation_id': '4bdb7f70-bb27-4003-b964-8479a3e19353', 'delivery_info': {'exchange': '', 'routing_key': 'celery', 'priority': 0, 'redelivered': False}, 'args': [], 'kwargs': {}, 'hostname': 'schdue@prometheus', 'is_eager': False, 'callbacks': None, 'errbacks': None, 'chain': None, 'chord': None, 'called_directly': False, '_protected': 1}>
[2019-11-12 13:37:50,501: INFO/ForkPoolWorker-2] Task scheduler.celery.debug_task[4bdb7f70-bb27-4003-b964-8479a3e19353] succeeded in 0.10463812481611967s: None
[2019-11-12 13:38:10,403: WARNING/ForkPoolWorker-2] Request: <Context: {'lang': 'py', 'task': 'scheduler.celery.debug_task', 'id': 'dd4e8472-134a-4854-b8c6-554114ac2b69', 'shadow': None, 'eta': None, 'expires': None, 'group': None, 'retries': 0, 'timelimit': [None, None], 'root_id': 'dd4e8472-134a-4854-b8c6-554114ac2b69', 'parent_id': None, 'argsrepr': '()', 'kwargsrepr': '{}', 'origin': 'gen13279@prometheus', 'reply_to': 'c87a092e-c9da-3c66-97e9-af6adca4cf2c', 'correlation_id': 'dd4e8472-134a-4854-b8c6-554114ac2b69', 'delivery_info': {'exchange': '', 'routing_key': 'celery', 'priority': 0, 'redelivered': False}, 'args': [], 'kwargs': {}, 'hostname': 'schdue@prometheus', 'is_eager': False, 'callbacks': None, 'errbacks': None, 'chain': None, 'chord': None, 'called_directly': False, '_protected': 1}>
[2019-11-12 13:38:10,418: INFO/ForkPoolWorker-2] Task scheduler.celery.debug_task[dd4e8472-134a-4854-b8c6-554114ac2b69] succeeded in 0.01467562885954976s: None
[2019-11-12 15:28:01,988: WARNING/ForkPoolWorker-2] Request: <Context: {'lang': 'py', 'task': 'scheduler.celery.debug_task', 'id': '4780c77e-7e45-491d-a547-67f6d87c8a54', 'shadow': None, 'eta': None, 'expires': None, 'group': None, 'retries': 0, 'timelimit': [None, None], 'root_id': '4780c77e-7e45-491d-a547-67f6d87c8a54', 'parent_id': None, 'argsrepr': '()', 'kwargsrepr': '{}', 'origin': 'gen20412@prometheus', 'reply_to': 'cf200f5b-3070-361b-9e3a-05aad4b74ac3', 'correlation_id': '4780c77e-7e45-491d-a547-67f6d87c8a54', 'delivery_info': {'exchange': '', 'routing_key': 'celery', 'priority': 0, 'redelivered': False}, 'args': [], 'kwargs': {}, 'hostname': 'schdue@prometheus', 'is_eager': False, 'callbacks': None, 'errbacks': None, 'chain': None, 'chord': None, 'called_directly': False, '_protected': 1}>
[2019-11-12 15:28:02,058: INFO/ForkPoolWorker-2] Task scheduler.celery.debug_task[4780c77e-7e45-491d-a547-67f6d87c8a54] succeeded in 0.07004215708002448s: None
[2019-11-12 15:28:11,992: WARNING/ForkPoolWorker-2] Request: <Context: {'lang': 'py', 'task': 'scheduler.celery.debug_task', 'id': 'f07909d6-9d01-4eac-a74b-582cbadd8524', 'shadow': None, 'eta': None, 'expires': None, 'group': None, 'retries': 0, 'timelimit': [None, None], 'root_id': 'f07909d6-9d01-4eac-a74b-582cbadd8524', 'parent_id': None, 'argsrepr': '()', 'kwargsrepr': '{}', 'origin': 'gen20412@prometheus', 'reply_to': 'cf200f5b-3070-361b-9e3a-05aad4b74ac3', 'correlation_id': 'f07909d6-9d01-4eac-a74b-582cbadd8524', 'delivery_info': {'exchange': '', 'routing_key': 'celery', 'priority': 0, 'redelivered': False}, 'args': [], 'kwargs': {}, 'hostname': 'schdue@prometheus', 'is_eager': False, 'callbacks': None, 'errbacks': None, 'chain': None, 'chord': None, 'called_directly': False, '_protected': 1}>
[2019-11-12 15:28:12,008: INFO/ForkPoolWorker-2] Task scheduler.celery.debug_task[f07909d6-9d01-4eac-a74b-582cbadd8524] succeeded in 0.016711376141756773s: None
[2019-11-12 15:28:21,995: WARNING/ForkPoolWorker-2] Request: <Context: {'lang': 'py', 'task': 'scheduler.celery.debug_task', 'id': 'a874dbb4-1ec6-4218-ba5c-c4302dd7fbf9', 'shadow': None, 'eta': None, 'expires': None, 'group': None, 'retries': 0, 'timelimit': [None, None], 'root_id': 'a874dbb4-1ec6-4218-ba5c-c4302dd7fbf9', 'parent_id': None, 'argsrepr': '()', 'kwargsrepr': '{}', 'origin': 'gen20412@prometheus', 'reply_to': 'cf200f5b-3070-361b-9e3a-05aad4b74ac3', 'correlation_id': 'a874dbb4-1ec6-4218-ba5c-c4302dd7fbf9', 'delivery_info': {'exchange': '', 'routing_key': 'celery', 'priority': 0, 'redelivered': False}, 'args': [], 'kwargs': {}, 'hostname': 'schdue@prometheus', 'is_eager': False, 'callbacks': None, 'errbacks': None, 'chain': None, 'chord': None, 'called_directly': False, '_protected': 1}>
[2019-11-12 15:28:22,059: INFO/ForkPoolWorker-2] Task scheduler.celery.debug_task[a874dbb4-1ec6-4218-ba5c-c4302dd7fbf9] succeeded in 0.06400591600686312s: None
[2019-11-12 15:28:31,998: WARNING/ForkPoolWorker-2] Request: <Context: {'lang': 'py', 'task': 'scheduler.celery.debug_task', 'id': '4e078e37-5fea-4089-bb88-f5ef7905b674', 'shadow': None, 'eta': None, 'expires': None, 'group': None, 'retries': 0, 'timelimit': [None, None], 'root_id': '4e078e37-5fea-4089-bb88-f5ef7905b674', 'parent_id': None, 'argsrepr': '()', 'kwargsrepr': '{}', 'origin': 'gen20412@prometheus', 'reply_to': 'cf200f5b-3070-361b-9e3a-05aad4b74ac3', 'correlation_id': '4e078e37-5fea-4089-bb88-f5ef7905b674', 'delivery_info': {'exchange': '', 'routing_key': 'celery', 'priority': 0, 'redelivered': False}, 'args': [], 'kwargs': {}, 'hostname': 'schdue@prometheus', 'is_eager': False, 'callbacks': None, 'errbacks': None, 'chain': None, 'chord': None, 'called_directly': False, '_protected': 1}>
[2019-11-12 15:28:32,110: INFO/ForkPoolWorker-2] Task scheduler.celery.debug_task[4e078e37-5fea-4089-bb88-f5ef7905b674] succeeded in 0.11261508520692587s: None
[2019-11-12 15:28:42,002: WARNING/ForkPoolWorker-2] Request: <Context: {'lang': 'py', 'task': 'scheduler.celery.debug_task', 'id': '2ffabb45-affc-40f2-a226-d3bc8dbf6475', 'shadow': None, 'eta': None, 'expires': None, 'group': None, 'retries': 0, 'timelimit': [None, None], 'root_id': '2ffabb45-affc-40f2-a226-d3bc8dbf6475', 'parent_id': None, 'argsrepr': '()', 'kwargsrepr': '{}', 'origin': 'gen20412@prometheus', 'reply_to': 'cf200f5b-3070-361b-9e3a-05aad4b74ac3', 'correlation_id': '2ffabb45-affc-40f2-a226-d3bc8dbf6475', 'delivery_info': {'exchange': '', 'routing_key': 'celery', 'priority': 0, 'redelivered': False}, 'args': [], 'kwargs': {}, 'hostname': 'schdue@prometheus', 'is_eager': False, 'callbacks': None, 'errbacks': None, 'chain': None, 'chord': None, 'called_directly': False, '_protected': 1}>
[2019-11-12 15:28:42,060: INFO/ForkPoolWorker-2] Task scheduler.celery.debug_task[2ffabb45-affc-40f2-a226-d3bc8dbf6475] succeeded in 0.05807986669242382s: None
[2019-11-12 15:28:52,005: WARNING/ForkPoolWorker-2] Request: <Context: {'lang': 'py', 'task': 'scheduler.celery.debug_task', 'id': 'aacdb64e-5214-4308-9ad2-9a796bc6a705', 'shadow': None, 'eta': None, 'expires': None, 'group': None, 'retries': 0, 'timelimit': [None, None], 'root_id': 'aacdb64e-5214-4308-9ad2-9a796bc6a705', 'parent_id': None, 'argsrepr': '()', 'kwargsrepr': '{}', 'origin': 'gen20412@prometheus', 'reply_to': 'cf200f5b-3070-361b-9e3a-05aad4b74ac3', 'correlation_id': 'aacdb64e-5214-4308-9ad2-9a796bc6a705', 'delivery_info': {'exchange': '', 'routing_key': 'celery', 'priority': 0, 'redelivered': False}, 'args': [], 'kwargs': {}, 'hostname': 'schdue@prometheus', 'is_eager': False, 'callbacks': None, 'errbacks': None, 'chain': None, 'chord': None, 'called_directly': False, '_protected': 1}>
[2019-11-12 15:28:52,111: INFO/ForkPoolWorker-2] Task scheduler.celery.debug_task[aacdb64e-5214-4308-9ad2-9a796bc6a705] succeeded in 0.10620284918695688s: None
[2019-11-12 15:56:33,223: WARNING/ForkPoolWorker-2] Request: <Context: {'lang': 'py', 'task': 'scheduler.celery.debug_task', 'id': 'e161c2d7-c77a-4d6f-b403-86e8682bf3f5', 'shadow': None, 'eta': None, 'expires': None, 'group': None, 'retries': 0, 'timelimit': [None, None], 'root_id': 'e161c2d7-c77a-4d6f-b403-86e8682bf3f5', 'parent_id': None, 'argsrepr': '()', 'kwargsrepr': '{}', 'origin': 'gen22012@prometheus', 'reply_to': '75bbda84-2f2e-3fd8-b88b-fe27b3cab055', 'correlation_id': 'e161c2d7-c77a-4d6f-b403-86e8682bf3f5', 'delivery_info': {'exchange': '', 'routing_key': 'celery', 'priority': 0, 'redelivered': False}, 'args': [], 'kwargs': {}, 'hostname': 'schdue@prometheus', 'is_eager': False, 'callbacks': None, 'errbacks': None, 'chain': None, 'chord': None, 'called_directly': False, '_protected': 1}>
[2019-11-12 15:56:33,256: INFO/ForkPoolWorker-2] Task scheduler.celery.debug_task[e161c2d7-c77a-4d6f-b403-86e8682bf3f5] succeeded in 0.033430214039981365s: None
[2019-11-12 17:24:56,055: ERROR/ForkPoolWorker-2] Task task.tasks.ansible_hoc[c2d1333d-c5d2-4642-b902-97e8af967c97] raised unexpected: TypeError("__init__() got an unexpected keyword argument 'options'",)
Traceback (most recent call last):
  File "/ddhome/cmdb/venv/lib64/python3.6/site-packages/celery/app/trace.py", line 385, in trace_task
    R = retval = fun(*args, **kwargs)
  File "/ddhome/cmdb/venv/lib64/python3.6/site-packages/celery/app/trace.py", line 648, in __protected_call__
    return self.run(*args, **kwargs)
  File "/ddhome/cmdb/task/tasks.py", line 9, in ansible_hoc
    adhoc.task_run()
  File "/ddhome/cmdb/utils/AnsibleUtil.py", line 70, in task_run
    stdout_callback=self.results_callback,
TypeError: __init__() got an unexpected keyword argument 'options'
[2019-11-12 17:34:32,248: ERROR/ForkPoolWorker-2] Task task.tasks.ansible_hoc[cccdba9a-8641-4c2f-9590-5763689b0b20] raised unexpected: TypeError("__init__() got an unexpected keyword argument 'options'",)
Traceback (most recent call last):
  File "/ddhome/cmdb/venv/lib64/python3.6/site-packages/celery/app/trace.py", line 385, in trace_task
    R = retval = fun(*args, **kwargs)
  File "/ddhome/cmdb/venv/lib64/python3.6/site-packages/celery/app/trace.py", line 648, in __protected_call__
    return self.run(*args, **kwargs)
  File "/ddhome/cmdb/task/tasks.py", line 9, in ansible_hoc
    adhoc.task_run()
  File "/ddhome/cmdb/utils/AnsibleUtil.py", line 70, in task_run
    stdout_callback=self.results_callback,
TypeError: __init__() got an unexpected keyword argument 'options'
[2019-11-12 18:03:06,128: INFO/ForkPoolWorker-2] Task task.tasks.ansible_hoc[7b6ffb7c-72bf-4f2c-9ff8-f6d0d8afc370] succeeded in 0.7174955545924604s: {'ok': {}, 'failed': {}, 'unreachable': {}}
[2019-11-12 19:19:53,286: INFO/ForkPoolWorker-2] Task task.tasks.ansible_hoc[73dae5e3-e395-4ec4-9e22-a2c5819bc588] succeeded in 1.8426977107301354s: {'ok': {}, 'failed': {}, 'unreachable': {}}
[2019-11-12 19:22:16,607: INFO/ForkPoolWorker-2] Task task.tasks.ansible_hoc[226f36cd-4ba8-4782-b8a8-d89c9553a50c] succeeded in 1.4029050492681563s: {'ok': {}, 'failed': {}, 'unreachable': {}}
[2019-11-12 21:13:53,159: INFO/ForkPoolWorker-2] Task task.tasks.ansible_hoc[aba41d89-cdbe-45fa-9f6d-0eb1097c31d3] succeeded in 1.1955719059333205s: {'ok': {}, 'failed': {}, 'unreachable': {}}
[2019-11-12 21:20:50,914: INFO/ForkPoolWorker-2] Task task.tasks.ansible_hoc[c17b1194-0ce9-4668-9488-018f82d2b40e] succeeded in 1.3783505209721625s: {'ok': {}, 'failed': {}, 'unreachable': {}}
[2019-11-13 04:00:00,091: INFO/ForkPoolWorker-2] Task celery.backend_cleanup[98f15dba-c911-411f-9a85-2bb308b9d3f2] succeeded in 0.032422691117972136s: None
[2019-11-13 10:00:51,451: WARNING/ForkPoolWorker-2] 192.168.66.92,
[2019-11-13 10:00:51,453: WARNING/ForkPoolWorker-2] <class 'str'>
[2019-11-13 10:00:51,453: WARNING/ForkPoolWorker-2] [{'action': {'module': 'shell', 'args': 'mkdir -p /tmp/test123'}}, {'action': {'module': 'shell', 'args': 'rm -rf /tmp/test123'}}]
[2019-11-13 10:00:51,453: WARNING/ForkPoolWorker-2] <class 'list'>
[2019-11-13 10:00:53,805: INFO/ForkPoolWorker-2] Task task.tasks.ansible_hoc[b3cdcb0e-7f94-4911-a912-53b1a91eac07] succeeded in 2.3539925683289766s: {'ok': {'192.168.66.92': {'changed': True, 'end': '2019-11-13 10:00:53.654635', 'stdout': '', 'cmd': 'rm -rf /tmp/test123', 'rc': 0, 'start': '2019-11-13 10:00:53.626482', 'stderr': '', 'delta': '0:00:00.028153', 'invocation': {...}, 'warnings': [...], '_ansible_parsed': True, 'stdout_lines': [...], 'stderr_lines': [...], '_ansible_no_log': False}, 'runner': 'ok'}, 'failed': {}, 'unreachable': {}}
[2019-11-13 14:25:38,342: WARNING/ForkPoolWorker-2] 192.168.66.92,
[2019-11-13 14:25:38,342: WARNING/ForkPoolWorker-2] <class 'str'>
[2019-11-13 14:25:38,343: WARNING/ForkPoolWorker-2] [{'action': {'module': 'shell', 'args': 'mkdir -p /tmp/test123'}}, {'action': {'module': 'shell', 'args': 'rm -rf /tmp/test123'}}]
[2019-11-13 14:25:38,343: WARNING/ForkPoolWorker-2] <class 'list'>
[2019-11-13 14:25:40,603: INFO/ForkPoolWorker-2] Task task.tasks.ansible_hoc[0a21f2b6-f4d4-4489-966b-f4f4847da7f2] succeeded in 2.261786581017077s: {'ok': [[], []], 'failed': [], 'unreachable': []}
